[debug] [2026-03-24T01:08:53.866Z] ----------------------------------------------------------------------
[debug] [2026-03-24T01:08:53.867Z] Command:       /opt/homebrew/Cellar/node/23.10.0_1/bin/node /opt/homebrew/bin/firebase deploy
[debug] [2026-03-24T01:08:53.867Z] CLI Version:   15.3.1
[debug] [2026-03-24T01:08:53.867Z] Platform:      darwin
[debug] [2026-03-24T01:08:53.867Z] Node Version:  v23.10.0
[debug] [2026-03-24T01:08:53.867Z] Time:          Tue Mar 24 2026 08:08:53 GMT+0700 (Indochina Time)
[debug] [2026-03-24T01:08:53.868Z] ----------------------------------------------------------------------
[debug] 
[debug] [2026-03-24T01:08:54.338Z] > command requires scopes: ["email","openid","https://www.googleapis.com/auth/cloudplatformprojects.readonly","https://www.googleapis.com/auth/firebase","https://www.googleapis.com/auth/cloud-platform"]
[debug] [2026-03-24T01:08:54.338Z] > authorizing via signed-in user (mis2021190024@ppiu.edu.kh)
[debug] [2026-03-24T01:08:54.338Z] [iam] checking project web-templet for permissions ["firebase.projects.get","firebasehosting.sites.update"]
[debug] [2026-03-24T01:08:54.339Z] Checked if tokens are valid: false, expires at: 1774272179246
[debug] [2026-03-24T01:08:54.339Z] Checked if tokens are valid: false, expires at: 1774272179246
[debug] [2026-03-24T01:08:54.339Z] > refreshing access token with scopes: []
[debug] [2026-03-24T01:08:54.340Z] >>> [apiv2][query] POST https://www.googleapis.com/oauth2/v3/token [none]
[debug] [2026-03-24T01:08:54.340Z] >>> [apiv2][body] POST https://www.googleapis.com/oauth2/v3/token [omitted]
[debug] [2026-03-24T01:08:54.888Z] <<< [apiv2][status] POST https://www.googleapis.com/oauth2/v3/token 200
[debug] [2026-03-24T01:08:54.888Z] <<< [apiv2][body] POST https://www.googleapis.com/oauth2/v3/token [omitted]
[debug] [2026-03-24T01:08:54.907Z] >>> [apiv2][query] POST https://cloudresourcemanager.googleapis.com/v1/projects/web-templet:testIamPermissions [none]
[debug] [2026-03-24T01:08:54.907Z] >>> [apiv2][(partial)header] POST https://cloudresourcemanager.googleapis.com/v1/projects/web-templet:testIamPermissions x-goog-quota-user=projects/web-templet
[debug] [2026-03-24T01:08:54.907Z] >>> [apiv2][body] POST https://cloudresourcemanager.googleapis.com/v1/projects/web-templet:testIamPermissions {"permissions":["firebase.projects.get","firebasehosting.sites.update"]}
[debug] [2026-03-24T01:08:56.396Z] <<< [apiv2][status] POST https://cloudresourcemanager.googleapis.com/v1/projects/web-templet:testIamPermissions 200
[debug] [2026-03-24T01:08:56.397Z] <<< [apiv2][body] POST https://cloudresourcemanager.googleapis.com/v1/projects/web-templet:testIamPermissions {"permissions":["firebase.projects.get","firebasehosting.sites.update"]}
[debug] [2026-03-24T01:08:56.397Z] Checked if tokens are valid: true, expires at: 1774318133888
[debug] [2026-03-24T01:08:56.397Z] Checked if tokens are valid: true, expires at: 1774318133888
[debug] [2026-03-24T01:08:56.397Z] >>> [apiv2][query] GET https://firebase.googleapis.com/v1beta1/projects/web-templet [none]
[debug] [2026-03-24T01:08:57.000Z] <<< [apiv2][status] GET https://firebase.googleapis.com/v1beta1/projects/web-templet 200
[debug] [2026-03-24T01:08:57.000Z] <<< [apiv2][body] GET https://firebase.googleapis.com/v1beta1/projects/web-templet {"projectId":"web-templet","projectNumber":"153028947238","displayName":"Web Templet","name":"projects/web-templet","resources":{"hostingSite":"web-templet"},"state":"ACTIVE","etag":"1_5f906a3c-03a7-41ec-beab-65ae5788506a"}
[info] 
[info] === Deploying to 'web-templet'...
[info] 
[info] i  deploying hosting 
[debug] [2026-03-24T01:08:57.007Z] Checked if tokens are valid: true, expires at: 1774318133888
[debug] [2026-03-24T01:08:57.007Z] Checked if tokens are valid: true, expires at: 1774318133888
[debug] [2026-03-24T01:08:57.007Z] >>> [apiv2][query] POST https://firebasehosting.googleapis.com/v1beta1/projects/-/sites/web-templet/versions [none]
[debug] [2026-03-24T01:08:57.007Z] >>> [apiv2][body] POST https://firebasehosting.googleapis.com/v1beta1/projects/-/sites/web-templet/versions {"status":"CREATED","labels":{"deployment-tool":"cli-firebase"}}
